==3155== Memcheck, a memory error detector
==3155== Copyright (C) 2002-2017, and GNU GPL'd, by Julian Seward et al.
==3155== Using Valgrind-3.15.0 and LibVEX; rerun with -h for copyright info
==3155== Command: ./hsh
==3155== Parent PID: 2883
==3155== 
==3155== 
==3155== Process terminating with default action of signal 2 (SIGINT)
==3155==    at 0x4962002: read (read.c:26)
==3155==    by 0x48E4BCE: _IO_file_underflow@@GLIBC_2.2.5 (fileops.c:517)
==3155==    by 0x48D7747: getdelim (iogetdelim.c:73)
==3155==    by 0x109F80: main (in /simple_shell/hsh)
==3155== 
==3155== HEAP SUMMARY:
==3155==     in use at exit: 589 bytes in 5 blocks
==3155==   total heap usage: 29 allocs, 24 frees, 2,094 bytes allocated
==3155== 
==3155== LEAK SUMMARY:
==3155==    definitely lost: 0 bytes in 0 blocks
==3155==    indirectly lost: 0 bytes in 0 blocks
==3155==      possibly lost: 0 bytes in 0 blocks
==3155==    still reachable: 589 bytes in 5 blocks
==3155==         suppressed: 0 bytes in 0 blocks
==3155== Reachable blocks (those to which a pointer was found) are not shown.
==3155== To see them, rerun with: --leak-check=full --show-leak-kinds=all
==3155== 
==3155== For lists of detected and suppressed errors, rerun with: -s
==3155== ERROR SUMMARY: 0 errors from 0 contexts (suppressed: 0 from 0)
